<?xml version="1.0" encoding="UTF-8"?>
<!-- Generated by org.testng.reporters.JUnitReportReporter -->
<testsuite skipped="0" hostname="Dell" name="Arpita.Testing1" tests="5" failures="0" timestamp="20 Nov 2019 03:07:50 GMT" time="0.009" errors="0">
  <testcase name="test1" time="0.001" classname="Arpita.Testing1"/>
  <testcase name="test2" time="0.002" classname="Arpita.Testing1"/>
  <testcase name="f" time="0.003" classname="Arpita.Testing1"/>
  <testcase name="f" time="0.001" classname="Arpita.Testing1"/>
  <testcase name="test3" time="0.002" classname="Arpita.Testing1"/>
</testsuite> <!-- Arpita.Testing1 -->
