<?xml version="1.0" encoding="UTF-8"?>
<!-- Generated by org.testng.reporters.JUnitReportReporter -->
<testsuite skipped="0" hostname="Dell" name="Arpita.Testing2" tests="2" failures="0" timestamp="20 Nov 2019 03:13:29 GMT" time="0.000" errors="0">
  <testcase name="test5" time="0.000" classname="Arpita.Testing2"/>
  <testcase name="test4" time="0.000" classname="Arpita.Testing2"/>
</testsuite> <!-- Arpita.Testing2 -->
